0001_0010_0022_0064_0064.jpg 1 10 22 64 64
0002_0032_0031_0040_0040.jpg 1 32 31 40 40
0003_0025_0032_0062_0062.jpg 1 25 32 62 62
0004_0033_0014_0044_0044.jpg 1 33 14 44 44
0005_0012_0010_0059_0059.jpg 1 12 10 59 59
0006_0007_0007_0044_0044.jpg 1 7 7 44 44
0007_0014_0011_0061_0061.jpg 1 14 11 61 61
0008_0051_0014_0032_0032.jpg 1 51 14 32 32
0009_0023_0026_0058_0058.jpg 1 23 26 58 58
0010_0034_0018_0055_0055.jpg 1 34 18 55 55
0011_0013_0023_0027_0027.jpg 1 13 23 27 27
0012_0026_0005_0057_0057.jpg 1 26 5 57 57
0013_0027_0015_0027_0027.jpg 1 27 15 27 27
0014_0013_0019_0049_0049.jpg 1 13 19 49 49
0015_0020_0032_0057_0057.jpg 1 20 32 57 57
0016_0013_0054_0037_0037.jpg 1 13 54 37 37
0017_0017_0016_0060_0060.jpg 1 17 16 60 60
0018_0013_0030_0065_0065.jpg 1 13 30 65 65
0019_0022_0015_0051_0051.jpg 1 22 15 51 51
0020_0049_0056_0027_0027.jpg 1 49 56 27 27
0021_0045_0042_0040_0040.jpg 1 45 42 40 40
0022_0018_0013_0052_0052.jpg 1 18 13 52 52
0023_0050_0046_0043_0043.jpg 1 50 46 43 43
0024_0062_0052_0024_0024.jpg 1 62 52 24 24
0025_0015_0019_0067_0067.jpg 1 15 19 67 67
0026_0022_0049_0028_0028.jpg 1 22 49 28 28
